<?xml version="1.0" encoding="utf-8"?><testsuites name="pytest tests"><testsuite name="pytest" errors="5" failures="0" skipped="0" tests="39" time="6.869" timestamp="2026-06-28T09:40:47.324310+00:00" hostname="agent-env-3074bbc9-874e-4b63-811f-416b7e257fb4"><testcase classname="tests.test_iter10_hardening.TestPhoneValidation" name="test_invalid_phone_returns_422" time="0.288" /><testcase classname="tests.test_iter10_hardening.TestPhoneValidation" name="test_invalid_phone_no_plus" time="0.049" /><testcase classname="tests.test_iter10_hardening.TestPhoneValidation" name="test_invalid_phone_too_short" time="0.050" /><testcase classname="tests.test_iter10_hardening.TestPhoneValidation" name="test_valid_phone_returns_200_with_dev_otp" time="0.047" /><testcase classname="tests.test_iter10_hardening.TestOtpRateLimit" name="test_4th_request_within_60s_returns_429" time="0.188" /><testcase classname="tests.test_iter10_hardening.TestOtpRateLimit" name="test_different_phones_dont_share_bucket" time="0.187" /><testcase classname="tests.test_iter10_hardening.TestWalletAtomicPricing" name="test_sharma_daily_burn_1065" time="0.147" /><testcase classname="tests.test_iter10_hardening.TestWalletAtomicPricing" name="test_admin_credit_is_atomic_and_returns_new_balance" time="0.244" /><testcase classname="tests.test_iter10_hardening.TestOnboardingPendingTopup" name="test_initial_topup_creates_pending_request" time="0.341" /><testcase classname="tests.test_iter10_hardening.TestOnboardingPendingTopup" name="test_subscription_end_date_is_10_years_out" time="0.197" /><testcase classname="tests.test_iter10_hardening.TestTopupApproveReject" name="test_approve_credits_wallet_and_posts_confirmation" time="0.390" /><testcase classname="tests.test_iter10_hardening.TestTopupApproveReject" name="test_double_approve_returns_400" time="0.299" /><testcase classname="tests.test_iter10_hardening.TestTopupApproveReject" name="test_reject_does_not_credit" time="0.297" /><testcase classname="tests.test_iter10_hardening.TestTopupApproveReject" name="test_customer_cannot_approve" time="0.253" /><testcase classname="tests.test_iter10_hardening.TestSuggestTopups" name="test_suggested_topups_for_default_threshold" time="0.052" /><testcase classname="tests.test_iter10_hardening.TestCorsConfig" name="test_cors_default_in_prod_is_maavadu" time="0.078" /><testcase classname="tests.test_iter10_hardening.TestCorsConfig" name="test_cors_default_in_dev_is_star" time="0.002" /><testcase classname="tests.test_iter10_hardening.TestRegression" name="test_pricing_returns_new_shape" time="0.050" /><testcase classname="tests.test_iter10_hardening.TestRegression" name="test_admin_stats_includes_wallet_low" time="0.053" /><testcase classname="tests.test_iter10_hardening.TestRegression" name="test_support_roster_for_agent" time="0.066" /><testcase classname="tests.test_iteration3_wallet_pricing" name="test_pricing_returns_new_shape" time="0.046" /><testcase classname="tests.test_iteration3_wallet_pricing" name="test_wallet_me_sharma_daily_burn" time="0.056" /><testcase classname="tests.test_iteration3_wallet_pricing" name="test_wallet_me_iyer_daily_burn" time="0.143" /><testcase classname="tests.test_iteration3_wallet_pricing" name="test_patch_lunch_variant_and_debit_reason" time="0.603" /><testcase classname="tests.test_iteration3_wallet_pricing" name="test_onboarding_with_initial_topup_creates_pending_request" time="0.305" /><testcase classname="tests.test_iteration3_wallet_pricing" name="test_admin_can_approve_onboarding_topup" time="0.358" /><testcase classname="tests.test_iteration3_wallet_pricing" name="test_onboarding_accepts_extra_fields" time="0.152" /><testcase classname="tests.test_iteration3_wallet_pricing" name="test_admin_stats_wallet_low_present" time="0.050" /><testcase classname="tests.test_iteration3_wallet_pricing" name="test_predictive_low_balance_nudge" time="1.431" /><testcase classname="tests.test_iteration3_wallet_pricing" name="test_regression_send_otp" time="0.048" /><testcase classname="tests.test_iteration3_wallet_pricing" name="test_regression_menu_week" time="0.050" /><testcase classname="tests.test_iteration3_wallet_pricing" name="test_regression_orders_upcoming" time="0.056" /><testcase classname="tests.test_iteration3_wallet_pricing" name="test_regression_delivery_route" time="0.047" /><testcase classname="tests.test_admin_pricing" name="test_pricing_initial_shape" time="0.114"><error message="failed on setup with &quot;AssertionError: {&quot;detail&quot;:&quot;Too many OTP requests. Try again in a minute.&quot;}&#10;assert 429 == 200&#10; +  where 429 = &lt;Response [429]&gt;.status_code&quot;">E   AssertionError: {"detail":"Too many OTP requests. Try again in a minute."}
    assert 429 == 200
     +  where 429 = &lt;Response [429]&gt;.status_code</error></testcase><testcase classname="tests.test_admin_pricing" name="test_pricing_full_update" time="0.000"><error message="failed on setup with &quot;AssertionError: {&quot;detail&quot;:&quot;Too many OTP requests. Try again in a minute.&quot;}&#10;assert 429 == 200&#10; +  where 429 = &lt;Response [429]&gt;.status_code&quot;">E   AssertionError: {"detail":"Too many OTP requests. Try again in a minute."}
    assert 429 == 200
     +  where 429 = &lt;Response [429]&gt;.status_code</error></testcase><testcase classname="tests.test_admin_pricing" name="test_pricing_partial_update_leaves_others" time="0.000"><error message="failed on setup with &quot;AssertionError: {&quot;detail&quot;:&quot;Too many OTP requests. Try again in a minute.&quot;}&#10;assert 429 == 200&#10; +  where 429 = &lt;Response [429]&gt;.status_code&quot;">E   AssertionError: {"detail":"Too many OTP requests. Try again in a minute."}
    assert 429 == 200
     +  where 429 = &lt;Response [429]&gt;.status_code</error></testcase><testcase classname="tests.test_admin_pricing" name="test_pricing_negative_rejected" time="0.000"><error message="failed on setup with &quot;AssertionError: {&quot;detail&quot;:&quot;Too many OTP requests. Try again in a minute.&quot;}&#10;assert 429 == 200&#10; +  where 429 = &lt;Response [429]&gt;.status_code&quot;">E   AssertionError: {"detail":"Too many OTP requests. Try again in a minute."}
    assert 429 == 200
     +  where 429 = &lt;Response [429]&gt;.status_code</error></testcase><testcase classname="tests.test_admin_pricing" name="test_pricing_requires_admin" time="0.094" /><testcase classname="tests.test_admin_pricing" name="test_zz_restore_original" time="0.001"><error message="failed on setup with &quot;AssertionError: {&quot;detail&quot;:&quot;Too many OTP requests. Try again in a minute.&quot;}&#10;assert 429 == 200&#10; +  where 429 = &lt;Response [429]&gt;.status_code&quot;">E   AssertionError: {"detail":"Too many OTP requests. Try again in a minute."}
    assert 429 == 200
     +  where 429 = &lt;Response [429]&gt;.status_code</error></testcase></testsuite></testsuites>