<?xml version="1.0" encoding="utf-8"?><testsuites name="pytest tests"><testsuite name="pytest" errors="0" failures="0" skipped="0" tests="43" time="8.016" timestamp="2026-06-28T08:14:57.613743+00:00" hostname="agent-env-3074bbc9-874e-4b63-811f-416b7e257fb4"><testcase classname="tests.test_admin_pricing" name="test_pricing_initial_shape" time="0.276" /><testcase classname="tests.test_admin_pricing" name="test_pricing_full_update" time="0.212" /><testcase classname="tests.test_admin_pricing" name="test_pricing_partial_update_leaves_others" time="0.291" /><testcase classname="tests.test_admin_pricing" name="test_pricing_negative_rejected" time="0.092" /><testcase classname="tests.test_admin_pricing" name="test_pricing_requires_admin" time="0.093" /><testcase classname="tests.test_admin_pricing" name="test_zz_restore_original" time="0.202" /><testcase classname="tests.test_iter7_team_subs_support" name="test_support_contact_returns_priya" time="0.287" /><testcase classname="tests.test_iter7_team_subs_support" name="test_subscription_default_size_family_reshapes_tomorrow" time="0.200" /><testcase classname="tests.test_iter7_team_subs_support" name="test_subscription_meals_lunch_only_disables_other_meals" time="0.196" /><testcase classname="tests.test_iter7_team_subs_support" name="test_zz_restore_sharma_defaults" time="0.105" /><testcase classname="tests.test_iter7_team_subs_support" name="test_admin_create_agent_then_duplicate" time="0.400" /><testcase classname="tests.test_iteration3_wallet_pricing" name="test_pricing_returns_new_shape" time="0.184" /><testcase classname="tests.test_iteration3_wallet_pricing" name="test_wallet_me_sharma_daily_burn" time="0.050" /><testcase classname="tests.test_iteration3_wallet_pricing" name="test_wallet_me_iyer_daily_burn" time="0.129" /><testcase classname="tests.test_iteration3_wallet_pricing" name="test_patch_lunch_variant_and_debit_reason" time="0.533" /><testcase classname="tests.test_iteration3_wallet_pricing" name="test_onboarding_with_initial_topup_creates_welcome_credit" time="0.230" /><testcase classname="tests.test_iteration3_wallet_pricing" name="test_onboarding_accepts_extra_fields" time="0.133" /><testcase classname="tests.test_iteration3_wallet_pricing" name="test_admin_stats_wallet_low_present" time="0.171" /><testcase classname="tests.test_iteration3_wallet_pricing" name="test_predictive_low_balance_nudge" time="1.486" /><testcase classname="tests.test_iteration3_wallet_pricing" name="test_regression_send_otp" time="0.055" /><testcase classname="tests.test_iteration3_wallet_pricing" name="test_regression_menu_week" time="0.043" /><testcase classname="tests.test_iteration3_wallet_pricing" name="test_regression_orders_upcoming" time="0.043" /><testcase classname="tests.test_iteration3_wallet_pricing" name="test_regression_delivery_route" time="0.042" /><testcase classname="tests.test_onboarding_pincodes_support" name="test_health_app_meta" time="0.039" /><testcase classname="tests.test_onboarding_pincodes_support" name="test_public_menu_no_auth" time="0.119" /><testcase classname="tests.test_onboarding_pincodes_support" name="test_list_pincodes_seeded" time="0.043" /><testcase classname="tests.test_onboarding_pincodes_support" name="test_check_pincode_serviceable" time="0.083" /><testcase classname="tests.test_onboarding_pincodes_support" name="test_check_pincode_not_serviceable" time="0.045" /><testcase classname="tests.test_onboarding_pincodes_support" name="test_onboarding_complete_creates_filtered_orders" time="0.245" /><testcase classname="tests.test_onboarding_pincodes_support" name="test_onboarding_rejects_bad_pincode" time="0.174" /><testcase classname="tests.test_onboarding_pincodes_support" name="test_onboarding_rejects_empty_meals" time="0.169" /><testcase classname="tests.test_onboarding_pincodes_support" name="test_admin_add_pincode" time="0.086" /><testcase classname="tests.test_onboarding_pincodes_support" name="test_admin_add_pincode_forbidden_for_customer" time="0.041" /><testcase classname="tests.test_onboarding_pincodes_support" name="test_admin_bulk_pincodes" time="0.129" /><testcase classname="tests.test_onboarding_pincodes_support" name="test_admin_delete_pincode_deactivates" time="0.133" /><testcase classname="tests.test_onboarding_pincodes_support" name="test_iyer_orders_only_lunch_dinner" time="0.043" /><testcase classname="tests.test_onboarding_pincodes_support" name="test_iyer_cannot_modify_breakfast" time="0.086" /><testcase classname="tests.test_onboarding_pincodes_support" name="test_agent_login_role" time="0.092" /><testcase classname="tests.test_onboarding_pincodes_support" name="test_support_me_auto_creates_thread" time="0.043" /><testcase classname="tests.test_onboarding_pincodes_support" name="test_customer_send_text_bumps_unread" time="0.229" /><testcase classname="tests.test_onboarding_pincodes_support" name="test_customer_send_voice" time="0.087" /><testcase classname="tests.test_onboarding_pincodes_support" name="test_agent_threads_joined_fields_and_forbidden_for_customer" time="0.213" /><testcase classname="tests.test_onboarding_pincodes_support" name="test_agent_reply_bumps_customer_unread_and_get_resets_agent" time="0.359" /></testsuite></testsuites>