<?xml version="1.0" encoding="utf-8"?><testsuites name="pytest tests"><testsuite name="pytest" errors="0" failures="0" skipped="0" tests="20" time="3.662" timestamp="2026-06-28T09:39:28.669481+00:00" hostname="agent-env-3074bbc9-874e-4b63-811f-416b7e257fb4"><testcase classname="tests.test_iter10_hardening.TestPhoneValidation" name="test_invalid_phone_returns_422" time="0.260" /><testcase classname="tests.test_iter10_hardening.TestPhoneValidation" name="test_invalid_phone_no_plus" time="0.043" /><testcase classname="tests.test_iter10_hardening.TestPhoneValidation" name="test_invalid_phone_too_short" time="0.084" /><testcase classname="tests.test_iter10_hardening.TestPhoneValidation" name="test_valid_phone_returns_200_with_dev_otp" time="0.042" /><testcase classname="tests.test_iter10_hardening.TestOtpRateLimit" name="test_4th_request_within_60s_returns_429" time="0.247" /><testcase classname="tests.test_iter10_hardening.TestOtpRateLimit" name="test_different_phones_dont_share_bucket" time="0.251" /><testcase classname="tests.test_iter10_hardening.TestWalletAtomicPricing" name="test_sharma_daily_burn_1065" time="0.128" /><testcase classname="tests.test_iter10_hardening.TestWalletAtomicPricing" name="test_admin_credit_is_atomic_and_returns_new_balance" time="0.257" /><testcase classname="tests.test_iter10_hardening.TestOnboardingPendingTopup" name="test_initial_topup_creates_pending_request" time="0.359" /><testcase classname="tests.test_iter10_hardening.TestOnboardingPendingTopup" name="test_subscription_end_date_is_10_years_out" time="0.253" /><testcase classname="tests.test_iter10_hardening.TestTopupApproveReject" name="test_approve_credits_wallet_and_posts_confirmation" time="0.510" /><testcase classname="tests.test_iter10_hardening.TestTopupApproveReject" name="test_double_approve_returns_400" time="0.303" /><testcase classname="tests.test_iter10_hardening.TestTopupApproveReject" name="test_reject_does_not_credit" time="0.315" /><testcase classname="tests.test_iter10_hardening.TestTopupApproveReject" name="test_customer_cannot_approve" time="0.269" /><testcase classname="tests.test_iter10_hardening.TestSuggestTopups" name="test_suggested_topups_for_default_threshold" time="0.044" /><testcase classname="tests.test_iter10_hardening.TestCorsConfig" name="test_cors_default_in_prod_is_maavadu" time="0.069" /><testcase classname="tests.test_iter10_hardening.TestCorsConfig" name="test_cors_default_in_dev_is_star" time="0.002" /><testcase classname="tests.test_iter10_hardening.TestRegression" name="test_pricing_returns_new_shape" time="0.043" /><testcase classname="tests.test_iter10_hardening.TestRegression" name="test_admin_stats_includes_wallet_low" time="0.087" /><testcase classname="tests.test_iter10_hardening.TestRegression" name="test_support_roster_for_agent" time="0.047" /></testsuite></testsuites>