<?xml version="1.0" encoding="utf-8"?><testsuites name="pytest tests"><testsuite name="pytest" errors="0" failures="0" skipped="0" tests="12" time="3.449" timestamp="2026-06-28T07:22:43.794742+00:00" hostname="agent-env-3074bbc9-874e-4b63-811f-416b7e257fb4"><testcase classname="backend.tests.test_iteration3_wallet_pricing" name="test_pricing_returns_new_shape" time="0.501" /><testcase classname="backend.tests.test_iteration3_wallet_pricing" name="test_wallet_me_sharma_daily_burn" time="0.048" /><testcase classname="backend.tests.test_iteration3_wallet_pricing" name="test_wallet_me_iyer_daily_burn" time="0.181" /><testcase classname="backend.tests.test_iteration3_wallet_pricing" name="test_patch_lunch_variant_and_debit_reason" time="0.544" /><testcase classname="backend.tests.test_iteration3_wallet_pricing" name="test_onboarding_with_initial_topup_creates_welcome_credit" time="0.195" /><testcase classname="backend.tests.test_iteration3_wallet_pricing" name="test_onboarding_accepts_extra_fields" time="0.151" /><testcase classname="backend.tests.test_iteration3_wallet_pricing" name="test_admin_stats_wallet_low_present" time="0.146" /><testcase classname="backend.tests.test_iteration3_wallet_pricing" name="test_predictive_low_balance_nudge" time="1.439" /><testcase classname="backend.tests.test_iteration3_wallet_pricing" name="test_regression_send_otp" time="0.049" /><testcase classname="backend.tests.test_iteration3_wallet_pricing" name="test_regression_menu_week" time="0.048" /><testcase classname="backend.tests.test_iteration3_wallet_pricing" name="test_regression_orders_upcoming" time="0.048" /><testcase classname="backend.tests.test_iteration3_wallet_pricing" name="test_regression_delivery_route" time="0.048" /></testsuite></testsuites>