<?xml version="1.0" encoding="utf-8"?><testsuites name="pytest tests"><testsuite name="pytest" errors="0" failures="0" skipped="0" tests="57" time="83.125" timestamp="2026-06-28T08:53:50.579492+00:00" hostname="agent-env-3074bbc9-874e-4b63-811f-416b7e257fb4"><testcase classname="tests.test_admin_pricing" name="test_pricing_initial_shape" time="0.317" /><testcase classname="tests.test_admin_pricing" name="test_pricing_full_update" time="0.192" /><testcase classname="tests.test_admin_pricing" name="test_pricing_partial_update_leaves_others" time="0.297" /><testcase classname="tests.test_admin_pricing" name="test_pricing_negative_rejected" time="0.099" /><testcase classname="tests.test_admin_pricing" name="test_pricing_requires_admin" time="0.102" /><testcase classname="tests.test_admin_pricing" name="test_zz_restore_original" time="0.194" /><testcase classname="tests.test_iter7_team_subs_support" name="test_support_contact_returns_priya" time="0.293" /><testcase classname="tests.test_iter7_team_subs_support" name="test_subscription_default_size_family_reshapes_tomorrow" time="0.197" /><testcase classname="tests.test_iter7_team_subs_support" name="test_subscription_meals_lunch_only_disables_other_meals" time="0.200" /><testcase classname="tests.test_iter7_team_subs_support" name="test_zz_restore_sharma_defaults" time="0.100" /><testcase classname="tests.test_iter7_team_subs_support" name="test_admin_create_agent_then_duplicate" time="0.410" /><testcase classname="tests.test_iter8_admin_stats.TestAdminStatsKeys" name="test_admin_stats_returns_all_new_and_old_keys" time="0.210" /><testcase classname="tests.test_iter8_admin_stats.TestAdminStatsKeys" name="test_total_positive_balance_matches_aggregation" time="0.058" /><testcase classname="tests.test_iter8_admin_stats.TestSupportMetricsFlow" name="test_support_metrics_lifecycle" time="2.498" /><testcase classname="tests.test_iter9_support_roster" name="test_support_customers_agent_200_returns_roster" time="0.710" /><testcase classname="tests.test_iter9_support_roster" name="test_support_customers_includes_last_seen_for_recent_logins" time="0.194" /><testcase classname="tests.test_iter9_support_roster" name="test_support_customers_thread_id_field_present_when_thread_exists" time="0.098" /><testcase classname="tests.test_iter9_support_roster" name="test_support_customers_forbidden_for_non_agent" time="0.103" /><testcase classname="tests.test_iter9_support_roster" name="test_support_customers_admin_also_allowed" time="0.288" /><testcase classname="tests.test_iter9_support_roster" name="test_support_start_idempotent_for_iyer" time="0.396" /><testcase classname="tests.test_iter9_support_roster" name="test_support_start_404_for_unknown_customer" time="0.095" /><testcase classname="tests.test_iter9_support_roster" name="test_support_start_forbidden_for_customer" time="0.101" /><testcase classname="tests.test_iter9_support_roster" name="test_agent_sends_message_into_iyer_thread_and_preview_updates" time="0.403" /><testcase classname="tests.test_iter9_support_roster" name="test_last_seen_bumps_on_any_authenticated_call" time="1.502" /><testcase classname="tests.test_iter9_support_roster" name="test_delivery_route_accepts_date_query" time="0.313" /><testcase classname="tests.test_iteration3_wallet_pricing" name="test_pricing_returns_new_shape" time="0.150" /><testcase classname="tests.test_iteration3_wallet_pricing" name="test_wallet_me_sharma_daily_burn" time="0.051" /><testcase classname="tests.test_iteration3_wallet_pricing" name="test_wallet_me_iyer_daily_burn" time="0.147" /><testcase classname="tests.test_iteration3_wallet_pricing" name="test_patch_lunch_variant_and_debit_reason" time="0.543" /><testcase classname="tests.test_iteration3_wallet_pricing" name="test_onboarding_with_initial_topup_creates_welcome_credit" time="0.201" /><testcase classname="tests.test_iteration3_wallet_pricing" name="test_onboarding_accepts_extra_fields" time="0.145" /><testcase classname="tests.test_iteration3_wallet_pricing" name="test_admin_stats_wallet_low_present" time="0.148" /><testcase classname="tests.test_iteration3_wallet_pricing" name="test_predictive_low_balance_nudge" time="1.451" /><testcase classname="tests.test_iteration3_wallet_pricing" name="test_regression_send_otp" time="0.048" /><testcase classname="tests.test_iteration3_wallet_pricing" name="test_regression_menu_week" time="0.052" /><testcase classname="tests.test_iteration3_wallet_pricing" name="test_regression_orders_upcoming" time="0.053" /><testcase classname="tests.test_iteration3_wallet_pricing" name="test_regression_delivery_route" time="0.048" /><testcase classname="tests.test_onboarding_pincodes_support" name="test_health_app_meta" time="0.045" /><testcase classname="tests.test_onboarding_pincodes_support" name="test_public_menu_no_auth" time="68.345" /><testcase classname="tests.test_onboarding_pincodes_support" name="test_list_pincodes_seeded" time="0.054" /><testcase classname="tests.test_onboarding_pincodes_support" name="test_check_pincode_serviceable" time="0.054" /><testcase classname="tests.test_onboarding_pincodes_support" name="test_check_pincode_not_serviceable" time="0.050" /><testcase classname="tests.test_onboarding_pincodes_support" name="test_onboarding_complete_creates_filtered_orders" time="0.215" /><testcase classname="tests.test_onboarding_pincodes_support" name="test_onboarding_rejects_bad_pincode" time="0.143" /><testcase classname="tests.test_onboarding_pincodes_support" name="test_onboarding_rejects_empty_meals" time="0.146" /><testcase classname="tests.test_onboarding_pincodes_support" name="test_admin_add_pincode" time="0.098" /><testcase classname="tests.test_onboarding_pincodes_support" name="test_admin_add_pincode_forbidden_for_customer" time="0.048" /><testcase classname="tests.test_onboarding_pincodes_support" name="test_admin_bulk_pincodes" time="0.098" /><testcase classname="tests.test_onboarding_pincodes_support" name="test_admin_delete_pincode_deactivates" time="0.150" /><testcase classname="tests.test_onboarding_pincodes_support" name="test_iyer_orders_only_lunch_dinner" time="0.047" /><testcase classname="tests.test_onboarding_pincodes_support" name="test_iyer_cannot_modify_breakfast" time="0.112" /><testcase classname="tests.test_onboarding_pincodes_support" name="test_agent_login_role" time="0.093" /><testcase classname="tests.test_onboarding_pincodes_support" name="test_support_me_auto_creates_thread" time="0.046" /><testcase classname="tests.test_onboarding_pincodes_support" name="test_customer_send_text_bumps_unread" time="0.235" /><testcase classname="tests.test_onboarding_pincodes_support" name="test_customer_send_voice" time="0.095" /><testcase classname="tests.test_onboarding_pincodes_support" name="test_agent_threads_joined_fields_and_forbidden_for_customer" time="0.189" /><testcase classname="tests.test_onboarding_pincodes_support" name="test_agent_reply_bumps_customer_unread_and_get_resets_agent" time="0.335" /></testsuite></testsuites>