<?xml version="1.0" encoding="utf-8"?><testsuites name="pytest tests"><testsuite name="pytest" errors="0" failures="5" skipped="0" tests="38" time="6.518" timestamp="2026-06-28T07:47:35.128236+00:00" hostname="agent-env-3074bbc9-874e-4b63-811f-416b7e257fb4"><testcase classname="tests.test_admin_pricing" name="test_pricing_initial_shape" time="0.334" /><testcase classname="tests.test_admin_pricing" name="test_pricing_full_update" time="0.138"><failure message="AssertionError: Internal Server Error&#10;assert 500 == 200&#10; +  where 500 = &lt;Response [500]&gt;.status_code">tests/test_admin_pricing.py:63: in test_pricing_full_update
    assert r.status_code == 200, r.text
E   AssertionError: Internal Server Error
E   assert 500 == 200
E    +  where 500 = &lt;Response [500]&gt;.status_code</failure></testcase><testcase classname="tests.test_admin_pricing" name="test_pricing_partial_update_leaves_others" time="0.127"><failure message="requests.exceptions.HTTPError: 500 Server Error: Internal Server Error for url: https://fresh-feast-app-1.preview.emergentagent.com/api/admin/wallet/pricing">tests/test_admin_pricing.py:78: in test_pricing_partial_update_leaves_others
    timeout=10).raise_for_status()
                ^^^^^^^^^^^^^^^^^^
/root/.venv/lib/python3.11/site-packages/requests/models.py:1167: in raise_for_status
    raise HTTPError(http_error_msg, response=self)
E   requests.exceptions.HTTPError: 500 Server Error: Internal Server Error for url: https://fresh-feast-app-1.preview.emergentagent.com/api/admin/wallet/pricing</failure></testcase><testcase classname="tests.test_admin_pricing" name="test_pricing_negative_rejected" time="0.095"><failure message="AssertionError: Internal Server Error&#10;assert 500 == 400&#10; +  where 500 = &lt;Response [500]&gt;.status_code">tests/test_admin_pricing.py:95: in test_pricing_negative_rejected
    assert r.status_code == 400, r.text
E   AssertionError: Internal Server Error
E   assert 500 == 400
E    +  where 500 = &lt;Response [500]&gt;.status_code</failure></testcase><testcase classname="tests.test_admin_pricing" name="test_pricing_requires_admin" time="0.092" /><testcase classname="tests.test_admin_pricing" name="test_zz_restore_original" time="0.137"><failure message="AssertionError: Internal Server Error&#10;assert 500 == 200&#10; +  where 500 = &lt;Response [500]&gt;.status_code">tests/test_admin_pricing.py:110: in test_zz_restore_original
    assert r.status_code == 200, r.text
E   AssertionError: Internal Server Error
E   assert 500 == 200
E    +  where 500 = &lt;Response [500]&gt;.status_code</failure></testcase><testcase classname="tests.test_iteration3_wallet_pricing" name="test_pricing_returns_new_shape" time="0.220" /><testcase classname="tests.test_iteration3_wallet_pricing" name="test_wallet_me_sharma_daily_burn" time="0.044" /><testcase classname="tests.test_iteration3_wallet_pricing" name="test_wallet_me_iyer_daily_burn" time="0.177" /><testcase classname="tests.test_iteration3_wallet_pricing" name="test_patch_lunch_variant_and_debit_reason" time="0.529" /><testcase classname="tests.test_iteration3_wallet_pricing" name="test_onboarding_with_initial_topup_creates_welcome_credit" time="0.207"><failure message="AssertionError: expected balance 3000, got 6000.0&#10;assert 6000.0 == 3000.0">tests/test_iteration3_wallet_pricing.py:213: in test_onboarding_with_initial_topup_creates_welcome_credit
    assert w["balance"] == 3000.0, f"expected balance 3000, got {w['balance']}"
E   AssertionError: expected balance 3000, got 6000.0
E   assert 6000.0 == 3000.0</failure></testcase><testcase classname="tests.test_iteration3_wallet_pricing" name="test_onboarding_accepts_extra_fields" time="0.136" /><testcase classname="tests.test_iteration3_wallet_pricing" name="test_admin_stats_wallet_low_present" time="0.132" /><testcase classname="tests.test_iteration3_wallet_pricing" name="test_predictive_low_balance_nudge" time="1.486" /><testcase classname="tests.test_iteration3_wallet_pricing" name="test_regression_send_otp" time="0.043" /><testcase classname="tests.test_iteration3_wallet_pricing" name="test_regression_menu_week" time="0.044" /><testcase classname="tests.test_iteration3_wallet_pricing" name="test_regression_orders_upcoming" time="0.043" /><testcase classname="tests.test_iteration3_wallet_pricing" name="test_regression_delivery_route" time="0.046" /><testcase classname="tests.test_onboarding_pincodes_support" name="test_health_app_meta" time="0.042" /><testcase classname="tests.test_onboarding_pincodes_support" name="test_public_menu_no_auth" time="0.129" /><testcase classname="tests.test_onboarding_pincodes_support" name="test_list_pincodes_seeded" time="0.047" /><testcase classname="tests.test_onboarding_pincodes_support" name="test_check_pincode_serviceable" time="0.045" /><testcase classname="tests.test_onboarding_pincodes_support" name="test_check_pincode_not_serviceable" time="0.043" /><testcase classname="tests.test_onboarding_pincodes_support" name="test_onboarding_complete_creates_filtered_orders" time="0.183" /><testcase classname="tests.test_onboarding_pincodes_support" name="test_onboarding_rejects_bad_pincode" time="0.172" /><testcase classname="tests.test_onboarding_pincodes_support" name="test_onboarding_rejects_empty_meals" time="0.173" /><testcase classname="tests.test_onboarding_pincodes_support" name="test_admin_add_pincode" time="0.091" /><testcase classname="tests.test_onboarding_pincodes_support" name="test_admin_add_pincode_forbidden_for_customer" time="0.044" /><testcase classname="tests.test_onboarding_pincodes_support" name="test_admin_bulk_pincodes" time="0.087" /><testcase classname="tests.test_onboarding_pincodes_support" name="test_admin_delete_pincode_deactivates" time="0.131" /><testcase classname="tests.test_onboarding_pincodes_support" name="test_iyer_orders_only_lunch_dinner" time="0.044" /><testcase classname="tests.test_onboarding_pincodes_support" name="test_iyer_cannot_modify_breakfast" time="0.089" /><testcase classname="tests.test_onboarding_pincodes_support" name="test_agent_login_role" time="0.087" /><testcase classname="tests.test_onboarding_pincodes_support" name="test_support_me_auto_creates_thread" time="0.044" /><testcase classname="tests.test_onboarding_pincodes_support" name="test_customer_send_text_bumps_unread" time="0.231" /><testcase classname="tests.test_onboarding_pincodes_support" name="test_customer_send_voice" time="0.127" /><testcase classname="tests.test_onboarding_pincodes_support" name="test_agent_threads_joined_fields_and_forbidden_for_customer" time="0.212" /><testcase classname="tests.test_onboarding_pincodes_support" name="test_agent_reply_bumps_customer_unread_and_get_resets_agent" time="0.385" /></testsuite></testsuites>