<?xml version="1.0" encoding="utf-8"?><testsuites name="pytest tests"><testsuite name="pytest" errors="0" failures="0" skipped="1" tests="24" time="2.256" timestamp="2026-06-28T05:56:06.662025+00:00" hostname="agent-env-3074bbc9-874e-4b63-811f-416b7e257fb4"><testcase classname="backend.tests.test_api" name="test_health" time="0.259" /><testcase classname="backend.tests.test_api" name="test_send_otp_admin" time="0.054" /><testcase classname="backend.tests.test_api" name="test_send_otp_delivery" time="0.048" /><testcase classname="backend.tests.test_api" name="test_send_otp_customer" time="0.046" /><testcase classname="backend.tests.test_api" name="test_verify_otp_returns_correct_role" time="0.094" /><testcase classname="backend.tests.test_api" name="test_verify_wrong_otp" time="0.089" /><testcase classname="backend.tests.test_api" name="test_me_with_token" time="0.138" /><testcase classname="backend.tests.test_api" name="test_me_no_token" time="0.099" /><testcase classname="backend.tests.test_api" name="test_menu_week" time="0.048" /><testcase classname="backend.tests.test_api" name="test_menu_update_admin" time="0.186" /><testcase classname="backend.tests.test_api" name="test_menu_update_non_admin_forbidden" time="0.045" /><testcase classname="backend.tests.test_api" name="test_upcoming_orders" time="0.050" /><testcase classname="backend.tests.test_api" name="test_modify_order_quantity" time="0.145" /><testcase classname="backend.tests.test_api" name="test_modify_order_quantity_too_high" time="0.096" /><testcase classname="backend.tests.test_api" name="test_modify_order_quantity_zero_disabled" time="0.148" /><testcase classname="backend.tests.test_api" name="test_modify_order_after_cutoff" time="0.048"><skipped type="pytest.skip" message="No cutoff-passed order found">/app/backend/tests/test_api.py:178: No cutoff-passed order found</skipped></testcase><testcase classname="backend.tests.test_api" name="test_my_subscription" time="0.047" /><testcase classname="backend.tests.test_api" name="test_admin_stats" time="0.049" /><testcase classname="backend.tests.test_api" name="test_admin_stats_forbidden_for_customer" time="0.046" /><testcase classname="backend.tests.test_api" name="test_admin_orders" time="0.048" /><testcase classname="backend.tests.test_api" name="test_delivery_route" time="0.138" /><testcase classname="backend.tests.test_api" name="test_delivery_route_forbidden_for_customer" time="0.048" /><testcase classname="backend.tests.test_api" name="test_delivery_pickups_includes_seeded" time="0.046" /><testcase classname="backend.tests.test_api" name="test_mark_delivered_and_hotbox" time="0.194" /></testsuite></testsuites>