<?xml version="1.0" encoding="utf-8"?><testsuites name="pytest tests"><testsuite name="pytest" errors="0" failures="0" skipped="0" tests="20" time="2.858" timestamp="2026-06-28T06:16:08.467856+00:00" hostname="agent-env-3074bbc9-874e-4b63-811f-416b7e257fb4"><testcase classname="backend.tests.test_onboarding_pincodes_support" name="test_health_app_meta" time="0.238" /><testcase classname="backend.tests.test_onboarding_pincodes_support" name="test_public_menu_no_auth" time="0.096" /><testcase classname="backend.tests.test_onboarding_pincodes_support" name="test_list_pincodes_seeded" time="0.154" /><testcase classname="backend.tests.test_onboarding_pincodes_support" name="test_check_pincode_serviceable" time="0.054" /><testcase classname="backend.tests.test_onboarding_pincodes_support" name="test_check_pincode_not_serviceable" time="0.050" /><testcase classname="backend.tests.test_onboarding_pincodes_support" name="test_onboarding_complete_creates_filtered_orders" time="0.202" /><testcase classname="backend.tests.test_onboarding_pincodes_support" name="test_onboarding_rejects_bad_pincode" time="0.143" /><testcase classname="backend.tests.test_onboarding_pincodes_support" name="test_onboarding_rejects_empty_meals" time="0.144" /><testcase classname="backend.tests.test_onboarding_pincodes_support" name="test_admin_add_pincode" time="0.195" /><testcase classname="backend.tests.test_onboarding_pincodes_support" name="test_admin_add_pincode_forbidden_for_customer" time="0.046" /><testcase classname="backend.tests.test_onboarding_pincodes_support" name="test_admin_bulk_pincodes" time="0.104" /><testcase classname="backend.tests.test_onboarding_pincodes_support" name="test_admin_delete_pincode_deactivates" time="0.143" /><testcase classname="backend.tests.test_onboarding_pincodes_support" name="test_iyer_orders_only_lunch_dinner" time="0.146" /><testcase classname="backend.tests.test_onboarding_pincodes_support" name="test_iyer_cannot_modify_breakfast" time="0.098" /><testcase classname="backend.tests.test_onboarding_pincodes_support" name="test_agent_login_role" time="0.098" /><testcase classname="backend.tests.test_onboarding_pincodes_support" name="test_support_me_auto_creates_thread" time="0.048" /><testcase classname="backend.tests.test_onboarding_pincodes_support" name="test_customer_send_text_bumps_unread" time="0.245" /><testcase classname="backend.tests.test_onboarding_pincodes_support" name="test_customer_send_voice" time="0.099" /><testcase classname="backend.tests.test_onboarding_pincodes_support" name="test_agent_threads_joined_fields_and_forbidden_for_customer" time="0.189" /><testcase classname="backend.tests.test_onboarding_pincodes_support" name="test_agent_reply_bumps_customer_unread_and_get_resets_agent" time="0.343" /></testsuite></testsuites>